<?xml version="1.0" encoding="UTF-8"?>
<!-- Generated by org.testng.reporters.JUnitReportReporter -->
<testsuite hostname="DESKTOP-3LAS9CR" failures="0" tests="2" name="InterviewQuestionPack1.HowcanHandleSubMenu" time="3.904" errors="1" timestamp="04 Feb 2021 20:04:01 GMT" skipped="1">
  <testcase classname="InterviewQuestionPack1.HowcanHandleSubMenu" name="SubmenuHandling1" time="0.000">
    <skipped/>
  </testcase> <!-- SubmenuHandling1 -->
  <testcase classname="InterviewQuestionPack1.HowcanHandleSubMenu" name="OpenBrowser" time="3.904">
    <error message="session not created: This version of ChromeDriver only supports Chrome version 75
Build info: version: &#039;3.12.0&#039;, revision: &#039;7c6e0b3&#039;, time: &#039;2018-05-08T15:15:03.216Z&#039;
System info: host: &#039;DESKTOP-3LAS9CR&#039;, ip: &#039;192.168.1.155&#039;, os.name: &#039;Windows 10&#039;, os.arch: &#039;amd64&#039;, os.version: &#039;10.0&#039;, java.version: &#039;10.0.2&#039;
Driver info: driver.version: ChromeDriver
remote stacktrace: Backtrace:
	Ordinal0 [0x00807DF3+1474035]
	Ordinal0 [0x007807D1+919505]
	Ordinal0 [0x0071CB43+510787]
	Ordinal0 [0x006B1B0F+72463]
	Ordinal0 [0x006AE3F3+58355]
	Ordinal0 [0x006D0CE4+199908]
	Ordinal0 [0x006D069D+198301]
	Ordinal0 [0x006CEECB+192203]
	Ordinal0 [0x006B5FF6+90102]
	Ordinal0 [0x006B765A+95834]
	Ordinal0 [0x006B7554+95572]
	GetHandleVerifier [0x0096231C+1249612]
	GetHandleVerifier [0x008B1575+525221]
	GetHandleVerifier [0x008B1310+524608]
	Ordinal0 [0x00815D28+1531176]
	GetHandleVerifier [0x008B1D4A+527226]
	Ordinal0 [0x007975F6+1013238]
	Ordinal0 [0x0079746F+1012847]
	Ordinal0 [0x007A365B+1062491]
	Ordinal0 [0x007A379F+1062815]
	Ordinal0 [0x007A2745+1058629]
	BaseThreadInitThunk [0x7581FA29+25]
	RtlGetAppContainerNamedObjectPath [0x776675F4+228]
	RtlGetAppContainerNamedObjectPath [0x776675C4+180]
" type="org.openqa.selenium.SessionNotCreatedException">
      <![CDATA[org.openqa.selenium.SessionNotCreatedException: session not created: This version of ChromeDriver only supports Chrome version 75
Build info: version: '3.12.0', revision: '7c6e0b3', time: '2018-05-08T15:15:03.216Z'
System info: host: 'DESKTOP-3LAS9CR', ip: '192.168.1.155', os.name: 'Windows 10', os.arch: 'amd64', os.version: '10.0', java.version: '10.0.2'
Driver info: driver.version: ChromeDriver
remote stacktrace: Backtrace:
Ordinal0 [0x00807DF3+1474035]
Ordinal0 [0x007807D1+919505]
Ordinal0 [0x0071CB43+510787]
Ordinal0 [0x006B1B0F+72463]
Ordinal0 [0x006AE3F3+58355]
Ordinal0 [0x006D0CE4+199908]
Ordinal0 [0x006D069D+198301]
Ordinal0 [0x006CEECB+192203]
Ordinal0 [0x006B5FF6+90102]
Ordinal0 [0x006B765A+95834]
Ordinal0 [0x006B7554+95572]
GetHandleVerifier [0x0096231C+1249612]
GetHandleVerifier [0x008B1575+525221]
GetHandleVerifier [0x008B1310+524608]
Ordinal0 [0x00815D28+1531176]
GetHandleVerifier [0x008B1D4A+527226]
Ordinal0 [0x007975F6+1013238]
Ordinal0 [0x0079746F+1012847]
Ordinal0 [0x007A365B+1062491]
Ordinal0 [0x007A379F+1062815]
Ordinal0 [0x007A2745+1058629]
BaseThreadInitThunk [0x7581FA29+25]
RtlGetAppContainerNamedObjectPath [0x776675F4+228]
RtlGetAppContainerNamedObjectPath [0x776675C4+180]

at java.base/jdk.internal.reflect.NativeConstructorAccessorImpl.newInstance0(Native Method)
at java.base/jdk.internal.reflect.NativeConstructorAccessorImpl.newInstance(NativeConstructorAccessorImpl.java:62)
at java.base/jdk.internal.reflect.DelegatingConstructorAccessorImpl.newInstance(DelegatingConstructorAccessorImpl.java:45)
at java.base/java.lang.reflect.Constructor.newInstance(Constructor.java:488)
at org.openqa.selenium.remote.W3CHandshakeResponse.lambda$new$0(W3CHandshakeResponse.java:57)
at org.openqa.selenium.remote.W3CHandshakeResponse.lambda$getResponseFunction$2(W3CHandshakeResponse.java:104)
at org.openqa.selenium.remote.ProtocolHandshake.lambda$createSession$0(ProtocolHandshake.java:123)
at java.base/java.util.stream.ReferencePipeline$3$1.accept(ReferencePipeline.java:195)
at java.base/java.util.Spliterators$ArraySpliterator.tryAdvance(Spliterators.java:958)
at java.base/java.util.stream.ReferencePipeline.forEachWithCancel(ReferencePipeline.java:127)
at java.base/java.util.stream.AbstractPipeline.copyIntoWithCancel(AbstractPipeline.java:502)
at java.base/java.util.stream.AbstractPipeline.copyInto(AbstractPipeline.java:488)
at java.base/java.util.stream.AbstractPipeline.wrapAndCopyInto(AbstractPipeline.java:474)
at java.base/java.util.stream.FindOps$FindOp.evaluateSequential(FindOps.java:150)
at java.base/java.util.stream.AbstractPipeline.evaluate(AbstractPipeline.java:234)
at java.base/java.util.stream.ReferencePipeline.findFirst(ReferencePipeline.java:543)
at org.openqa.selenium.remote.ProtocolHandshake.createSession(ProtocolHandshake.java:126)
at org.openqa.selenium.remote.ProtocolHandshake.createSession(ProtocolHandshake.java:73)
at org.openqa.selenium.remote.HttpCommandExecutor.execute(HttpCommandExecutor.java:136)
at org.openqa.selenium.remote.service.DriverCommandExecutor.execute(DriverCommandExecutor.java:83)
at org.openqa.selenium.remote.RemoteWebDriver.execute(RemoteWebDriver.java:543)
at org.openqa.selenium.remote.RemoteWebDriver.startSession(RemoteWebDriver.java:207)
at org.openqa.selenium.remote.RemoteWebDriver.<init>(RemoteWebDriver.java:130)
at org.openqa.selenium.chrome.ChromeDriver.<init>(ChromeDriver.java:181)
at org.openqa.selenium.chrome.ChromeDriver.<init>(ChromeDriver.java:168)
at org.openqa.selenium.chrome.ChromeDriver.<init>(ChromeDriver.java:123)
at InterviewQuestionPack1.HowcanHandleSubMenu.OpenBrowser(HowcanHandleSubMenu.java:21)
at java.base/jdk.internal.reflect.NativeMethodAccessorImpl.invoke0(Native Method)
at java.base/jdk.internal.reflect.NativeMethodAccessorImpl.invoke(NativeMethodAccessorImpl.java:62)
at java.base/jdk.internal.reflect.DelegatingMethodAccessorImpl.invoke(DelegatingMethodAccessorImpl.java:43)
at java.base/java.lang.reflect.Method.invoke(Method.java:564)
at org.testng.internal.MethodInvocationHelper.invokeMethod(MethodInvocationHelper.java:124)
at org.testng.internal.MethodInvocationHelper.invokeMethodConsideringTimeout(MethodInvocationHelper.java:59)
at org.testng.internal.Invoker.invokeConfigurationMethod(Invoker.java:455)
at org.testng.internal.Invoker.invokeConfigurations(Invoker.java:222)
at org.testng.internal.Invoker.invokeConfigurations(Invoker.java:142)
at org.testng.TestRunner.beforeRun(TestRunner.java:529)
at org.testng.TestRunner.run(TestRunner.java:497)
at org.testng.SuiteRunner.runTest(SuiteRunner.java:455)
at org.testng.SuiteRunner.runSequentially(SuiteRunner.java:450)
at org.testng.SuiteRunner.privateRun(SuiteRunner.java:415)
at org.testng.SuiteRunner.run(SuiteRunner.java:364)
at org.testng.SuiteRunnerWorker.runSuite(SuiteRunnerWorker.java:52)
at org.testng.SuiteRunnerWorker.run(SuiteRunnerWorker.java:84)
at org.testng.TestNG.runSuitesSequentially(TestNG.java:1208)
at org.testng.TestNG.runSuitesLocally(TestNG.java:1137)
at org.testng.TestNG.runSuites(TestNG.java:1049)
at org.testng.TestNG.run(TestNG.java:1017)
at org.testng.remote.AbstractRemoteTestNG.run(AbstractRemoteTestNG.java:114)
at org.testng.remote.RemoteTestNG.initAndRun(RemoteTestNG.java:251)
at org.testng.remote.RemoteTestNG.main(RemoteTestNG.java:77)
]]>
    </error>
  </testcase> <!-- OpenBrowser -->
</testsuite> <!-- InterviewQuestionPack1.HowcanHandleSubMenu -->
